{"/Users/kyu08/code/todo-cli/src/View.ts": {"path":"/Users/kyu08/code/todo-cli/src/View.ts","statementMap":{"0":{"start":{"line":2,"column":0},"end":{"line":2,"column":26}},"1":{"start":{"line":3,"column":0},"end":{"line":3,"column":57}},"2":{"start":{"line":5,"column":0},"end":{"line":5,"column":64}},"3":{"start":{"line":6,"column":0},"end":{"line":6,"column":43}},"4":{"start":{"line":8,"column":20},"end":{"line":12,"column":1}},"5":{"start":{"line":9,"column":2},"end":{"line":9,"column":29}},"6":{"start":{"line":9,"column":14},"end":{"line":9,"column":29}},"7":{"start":{"line":11,"column":2},"end":{"line":11,"column":22}},"8":{"start":{"line":14,"column":18},"end":{"line":16,"column":1}},"9":{"start":{"line":15,"column":2},"end":{"line":15,"column":32}},"10":{"start":{"line":19,"column":19},"end":{"line":55,"column":1}},"11":{"start":{"line":20,"column":21},"end":{"line":27,"column":4}},"12":{"start":{"line":28,"column":16},"end":{"line":28,"column":51}},"13":{"start":{"line":29,"column":18},"end":{"line":29,"column":33}},"14":{"start":{"line":30,"column":2},"end":{"line":52,"column":5}},"15":{"start":{"line":39,"column":8},"end":{"line":39,"column":10}},"16":{"start":{"line":40,"column":4},"end":{"line":40,"column":32}},"17":{"start":{"line":40,"column":19},"end":{"line":40,"column":32}},"18":{"start":{"line":41,"column":4},"end":{"line":41,"column":60}},"19":{"start":{"line":41,"column":47},"end":{"line":41,"column":60}},"20":{"start":{"line":42,"column":23},"end":{"line":49,"column":6}},"21":{"start":{"line":51,"column":4},"end":{"line":51,"column":34}},"22":{"start":{"line":54,"column":2},"end":{"line":54,"column":15}},"23":{"start":{"line":57,"column":23},"end":{"line":64,"column":1}},"24":{"start":{"line":59,"column":2},"end":{"line":63,"column":4}},"25":{"start":{"line":66,"column":13},"end":{"line":73,"column":2}},"26":{"start":{"line":67,"column":21},"end":{"line":67,"column":40}},"27":{"start":{"line":68,"column":23},"end":{"line":68,"column":44}},"28":{"start":{"line":69,"column":2},"end":{"line":69,"column":37}},"29":{"start":{"line":70,"column":2},"end":{"line":70,"column":24}},"30":{"start":{"line":71,"column":2},"end":{"line":71,"column":39}},"31":{"start":{"line":72,"column":2},"end":{"line":72,"column":26}}},"fnMap":{"0":{"name":"(anonymous_1)","decl":{"start":{"line":8,"column":20},"end":{"line":8,"column":21}},"loc":{"start":{"line":8,"column":36},"end":{"line":12,"column":1}}},"1":{"name":"(anonymous_2)","decl":{"start":{"line":14,"column":18},"end":{"line":14,"column":19}},"loc":{"start":{"line":14,"column":31},"end":{"line":16,"column":1}}},"2":{"name":"(anonymous_3)","decl":{"start":{"line":19,"column":19},"end":{"line":19,"column":20}},"loc":{"start":{"line":19,"column":58},"end":{"line":55,"column":1}}},"3":{"name":"(anonymous_4)","decl":{"start":{"line":30,"column":18},"end":{"line":30,"column":19}},"loc":{"start":{"line":30,"column":19},"end":{"line":52,"column":3}}},"4":{"name":"(anonymous_5)","decl":{"start":{"line":57,"column":23},"end":{"line":57,"column":24}},"loc":{"start":{"line":57,"column":42},"end":{"line":64,"column":1}}},"5":{"name":"(anonymous_6)","decl":{"start":{"line":66,"column":32},"end":{"line":66,"column":null}},"loc":{"start":{"line":66,"column":32},"end":{"line":73,"column":1}}}},"branchMap":{"0":{"loc":{"start":{"line":9,"column":2},"end":{"line":9,"column":29}},"type":"if","locations":[{"start":{"line":9,"column":2},"end":{"line":9,"column":29}},{"start":{"line":9,"column":2},"end":{"line":9,"column":29}}]},"1":{"loc":{"start":{"line":40,"column":4},"end":{"line":40,"column":32}},"type":"if","locations":[{"start":{"line":40,"column":4},"end":{"line":40,"column":32}},{"start":{"line":40,"column":4},"end":{"line":40,"column":32}}]},"2":{"loc":{"start":{"line":41,"column":4},"end":{"line":41,"column":60}},"type":"if","locations":[{"start":{"line":41,"column":4},"end":{"line":41,"column":60}},{"start":{"line":41,"column":4},"end":{"line":41,"column":60}}]}},"s":{"0":1,"1":1,"2":1,"3":1,"4":1,"5":0,"6":0,"7":0,"8":1,"9":0,"10":1,"11":0,"12":0,"13":0,"14":0,"15":0,"16":0,"17":0,"18":0,"19":0,"20":0,"21":0,"22":0,"23":1,"24":0,"25":1,"26":0,"27":0,"28":0,"29":0,"30":0,"31":0},"f":{"0":0,"1":0,"2":0,"3":0,"4":0,"5":0},"b":{"0":[0,0],"1":[0,0],"2":[0,0]}}
,"/Users/kyu08/code/todo-cli/src/dao/Dao.ts": {"path":"/Users/kyu08/code/todo-cli/src/dao/Dao.ts","statementMap":{"0":{"start":{"line":1,"column":0},"end":{"line":1,"column":20}},"1":{"start":{"line":5,"column":13},"end":{"line":5,"column":32}},"2":{"start":{"line":7,"column":13},"end":{"line":18,"column":2}},"3":{"start":{"line":8,"column":2},"end":{"line":17,"column":null}},"4":{"start":{"line":9,"column":4},"end":{"line":9,"column":22}},"5":{"start":{"line":11,"column":4},"end":{"line":11,"column":11}},"6":{"start":{"line":13,"column":4},"end":{"line":16,"column":null}},"7":{"start":{"line":14,"column":6},"end":{"line":14,"column":33}},"8":{"start":{"line":15,"column":6},"end":{"line":15,"column":42}},"9":{"start":{"line":20,"column":13},"end":{"line":22,"column":2}},"10":{"start":{"line":21,"column":2},"end":{"line":21,"column":62}},"11":{"start":{"line":24,"column":13},"end":{"line":26,"column":2}},"12":{"start":{"line":25,"column":2},"end":{"line":25,"column":40}}},"fnMap":{"0":{"name":"(anonymous_1)","decl":{"start":{"line":7,"column":29},"end":{"line":7,"column":null}},"loc":{"start":{"line":7,"column":29},"end":{"line":18,"column":1}}},"1":{"name":"(anonymous_2)","decl":{"start":{"line":20,"column":26},"end":{"line":20,"column":27}},"loc":{"start":{"line":20,"column":58},"end":{"line":22,"column":1}}},"2":{"name":"(anonymous_3)","decl":{"start":{"line":24,"column":24},"end":{"line":24,"column":null}},"loc":{"start":{"line":24,"column":24},"end":{"line":26,"column":1}}}},"branchMap":{"0":{"loc":{"start":{"line":13,"column":4},"end":{"line":16,"column":null}},"type":"if","locations":[{"start":{"line":13,"column":4},"end":{"line":16,"column":null}},{"start":{"line":13,"column":4},"end":{"line":16,"column":null}}]}},"s":{"0":1,"1":1,"2":1,"3":0,"4":0,"5":0,"6":0,"7":0,"8":0,"9":1,"10":0,"11":1,"12":1},"f":{"0":0,"1":0,"2":1},"b":{"0":[0,0]}}
,"/Users/kyu08/code/todo-cli/src/models/Date.ts": {"path":"/Users/kyu08/code/todo-cli/src/models/Date.ts","statementMap":{"0":{"start":{"line":1,"column":0},"end":{"line":1,"column":37}},"1":{"start":{"line":3,"column":13},"end":{"line":3,"column":80}},"2":{"start":{"line":3,"column":50},"end":{"line":3,"column":80}},"3":{"start":{"line":5,"column":13},"end":{"line":10,"column":2}},"4":{"start":{"line":6,"column":16},"end":{"line":6,"column":46}},"5":{"start":{"line":7,"column":20},"end":{"line":7,"column":44}},"6":{"start":{"line":9,"column":2},"end":{"line":9,"column":29}}},"fnMap":{"0":{"name":"(anonymous_1)","decl":{"start":{"line":3,"column":26},"end":{"line":3,"column":27}},"loc":{"start":{"line":3,"column":37},"end":{"line":3,"column":56}}},"1":{"name":"(anonymous_2)","decl":{"start":{"line":5,"column":23},"end":{"line":5,"column":24}},"loc":{"start":{"line":5,"column":34},"end":{"line":10,"column":1}}}},"branchMap":{},"s":{"0":1,"1":1,"2":0,"3":1,"4":0,"5":0,"6":0},"f":{"0":0,"1":0},"b":{}}
,"/Users/kyu08/code/todo-cli/src/models/Table.ts": {"path":"/Users/kyu08/code/todo-cli/src/models/Table.ts","statementMap":{"0":{"start":{"line":1,"column":0},"end":{"line":1,"column":30}},"1":{"start":{"line":2,"column":0},"end":{"line":2,"column":28}},"2":{"start":{"line":4,"column":14},"end":{"line":20,"column":2}},"3":{"start":{"line":23,"column":13},"end":{"line":31,"column":2}},"4":{"start":{"line":24,"column":16},"end":{"line":24,"column":36}},"5":{"start":{"line":25,"column":20},"end":{"line":27,"column":4}},"6":{"start":{"line":26,"column":4},"end":{"line":26,"column":32}},"7":{"start":{"line":28,"column":2},"end":{"line":28,"column":24}},"8":{"start":{"line":30,"column":2},"end":{"line":30,"column":15}}},"fnMap":{"0":{"name":"(anonymous_1)","decl":{"start":{"line":23,"column":39},"end":{"line":23,"column":40}},"loc":{"start":{"line":23,"column":58},"end":{"line":31,"column":1}}},"1":{"name":"(anonymous_2)","decl":{"start":{"line":25,"column":36},"end":{"line":25,"column":37}},"loc":{"start":{"line":25,"column":37},"end":{"line":27,"column":3}}}},"branchMap":{},"s":{"0":1,"1":1,"2":1,"3":1,"4":0,"5":0,"6":0,"7":0,"8":0},"f":{"0":0,"1":0},"b":{}}
,"/Users/kyu08/code/todo-cli/src/models/Todo.ts": {"path":"/Users/kyu08/code/todo-cli/src/models/Todo.ts","statementMap":{"0":{"start":{"line":2,"column":0},"end":{"line":2,"column":38}},"1":{"start":{"line":4,"column":0},"end":{"line":4,"column":43}},"2":{"start":{"line":6,"column":0},"end":{"line":6,"column":42}},"3":{"start":{"line":33,"column":0},"end":{"line":33,"column":13}},"4":{"start":{"line":48,"column":2},"end":{"line":48,"column":14}},"5":{"start":{"line":67,"column":2},"end":{"line":73,"column":4}},"6":{"start":{"line":68,"column":4},"end":{"line":72,"column":7}},"7":{"start":{"line":57,"column":8},"end":{"line":57,"column":14}},"8":{"start":{"line":58,"column":4},"end":{"line":58,"column":17}},"9":{"start":{"line":59,"column":4},"end":{"line":59,"column":37}},"10":{"start":{"line":60,"column":4},"end":{"line":60,"column":27}},"11":{"start":{"line":61,"column":4},"end":{"line":61,"column":29}},"12":{"start":{"line":62,"column":4},"end":{"line":62,"column":25}},"13":{"start":{"line":63,"column":4},"end":{"line":63,"column":31}},"14":{"start":{"line":64,"column":4},"end":{"line":64,"column":29}},"15":{"start":{"line":74,"column":0},"end":{"line":74,"column":null}},"16":{"start":{"line":33,"column":13},"end":{"line":33,"column":17}},"17":{"start":{"line":77,"column":13},"end":{"line":87,"column":2}},"18":{"start":{"line":78,"column":15},"end":{"line":78,"column":25}},"19":{"start":{"line":79,"column":2},"end":{"line":79,"column":36}},"20":{"start":{"line":79,"column":19},"end":{"line":79,"column":36}},"21":{"start":{"line":80,"column":21},"end":{"line":80,"column":37}},"22":{"start":{"line":81,"column":42},"end":{"line":81,"column":61}},"23":{"start":{"line":82,"column":2},"end":{"line":84,"column":5}},"24":{"start":{"line":83,"column":4},"end":{"line":83,"column":74}},"25":{"start":{"line":86,"column":2},"end":{"line":86,"column":17}},"26":{"start":{"line":89,"column":13},"end":{"line":111,"column":2}},"27":{"start":{"line":90,"column":14},"end":{"line":90,"column":null}},"28":{"start":{"line":91,"column":9},"end":{"line":91,"column":null}},"29":{"start":{"line":92,"column":10},"end":{"line":92,"column":null}},"30":{"start":{"line":98,"column":18},"end":{"line":98,"column":33}},"31":{"start":{"line":99,"column":16},"end":{"line":99,"column":32}},"32":{"start":{"line":100,"column":27},"end":{"line":108,"column":4}},"33":{"start":{"line":110,"column":2},"end":{"line":110,"column":25}},"34":{"start":{"line":113,"column":13},"end":{"line":117,"column":2}},"35":{"start":{"line":114,"column":18},"end":{"line":114,"column":31}},"36":{"start":{"line":115,"column":2},"end":{"line":115,"column":31}},"37":{"start":{"line":116,"column":2},"end":{"line":116,"column":21}}},"fnMap":{"0":{"name":"(anonymous_2)","decl":{"start":{"line":33,"column":0},"end":{"line":33,"column":13}},"loc":{"start":{"line":33,"column":0},"end":{"line":74,"column":null}}},"1":{"name":"Todo","decl":{"start":{"line":48,"column":2},"end":{"line":48,"column":14}},"loc":{"start":{"line":48,"column":30},"end":{"line":65,"column":3}}},"2":{"name":"(anonymous_4)","decl":{"start":{"line":67,"column":26},"end":{"line":67,"column":27}},"loc":{"start":{"line":67,"column":51},"end":{"line":73,"column":3}}},"3":{"name":"(anonymous_5)","decl":{"start":{"line":77,"column":29},"end":{"line":77,"column":null}},"loc":{"start":{"line":77,"column":29},"end":{"line":87,"column":1}}},"4":{"name":"(anonymous_6)","decl":{"start":{"line":82,"column":18},"end":{"line":82,"column":19}},"loc":{"start":{"line":82,"column":71},"end":{"line":84,"column":3}}},"5":{"name":"(anonymous_7)","decl":{"start":{"line":89,"column":37},"end":{"line":89,"column":38}},"loc":{"start":{"line":97,"column":1},"end":{"line":111,"column":1}}},"6":{"name":"(anonymous_8)","decl":{"start":{"line":113,"column":30},"end":{"line":113,"column":31}},"loc":{"start":{"line":113,"column":50},"end":{"line":117,"column":1}}}},"branchMap":{"0":{"loc":{"start":{"line":79,"column":2},"end":{"line":79,"column":36}},"type":"if","locations":[{"start":{"line":79,"column":2},"end":{"line":79,"column":36}},{"start":{"line":79,"column":2},"end":{"line":79,"column":36}}]}},"s":{"0":1,"1":1,"2":1,"3":1,"4":5,"5":5,"6":0,"7":35,"8":5,"9":5,"10":5,"11":5,"12":5,"13":5,"14":5,"15":1,"16":1,"17":1,"18":1,"19":1,"20":0,"21":1,"22":1,"23":1,"24":5,"25":1,"26":1,"27":0,"28":0,"29":0,"30":0,"31":0,"32":0,"33":0,"34":1,"35":0,"36":0,"37":0},"f":{"0":1,"1":5,"2":0,"3":1,"4":5,"5":0,"6":0},"b":{"0":[0,1]}}
,"/Users/kyu08/code/todo-cli/src/models/TodoMap.ts": {"path":"/Users/kyu08/code/todo-cli/src/models/TodoMap.ts","statementMap":{"0":{"start":{"line":2,"column":0},"end":{"line":2,"column":68}},"1":{"start":{"line":4,"column":0},"end":{"line":4,"column":40}},"2":{"start":{"line":6,"column":0},"end":{"line":6,"column":43}},"3":{"start":{"line":7,"column":0},"end":{"line":7,"column":33}},"4":{"start":{"line":9,"column":13},"end":{"line":14,"column":2}},"5":{"start":{"line":10,"column":18},"end":{"line":10,"column":33}},"6":{"start":{"line":11,"column":15},"end":{"line":11,"column":30}},"7":{"start":{"line":13,"column":2},"end":{"line":13,"column":14}},"8":{"start":{"line":16,"column":13},"end":{"line":24,"column":2}},"9":{"start":{"line":20,"column":18},"end":{"line":20,"column":33}},"10":{"start":{"line":21,"column":17},"end":{"line":21,"column":29}},"11":{"start":{"line":22,"column":2},"end":{"line":22,"column":43}},"12":{"start":{"line":23,"column":2},"end":{"line":23,"column":39}},"13":{"start":{"line":26,"column":13},"end":{"line":40,"column":2}},"14":{"start":{"line":27,"column":4},"end":{"line":27,"column":null}},"15":{"start":{"line":28,"column":6},"end":{"line":28,"column":null}},"16":{"start":{"line":29,"column":7},"end":{"line":29,"column":null}},"17":{"start":{"line":30,"column":9},"end":{"line":30,"column":null}},"18":{"start":{"line":37,"column":15},"end":{"line":37,"column":29}},"19":{"start":{"line":38,"column":18},"end":{"line":38,"column":57}},"20":{"start":{"line":39,"column":2},"end":{"line":39,"column":34}},"21":{"start":{"line":42,"column":13},"end":{"line":56,"column":2}},"22":{"start":{"line":43,"column":18},"end":{"line":43,"column":33}},"23":{"start":{"line":44,"column":2},"end":{"line":55,"column":5}},"24":{"start":{"line":45,"column":4},"end":{"line":45,"column":37}},"25":{"start":{"line":45,"column":30},"end":{"line":45,"column":37}},"26":{"start":{"line":46,"column":4},"end":{"line":46,"column":43}},"27":{"start":{"line":46,"column":36},"end":{"line":46,"column":43}},"28":{"start":{"line":47,"column":4},"end":{"line":47,"column":36}},"29":{"start":{"line":47,"column":29},"end":{"line":47,"column":36}},"30":{"start":{"line":48,"column":4},"end":{"line":48,"column":35}},"31":{"start":{"line":48,"column":28},"end":{"line":48,"column":35}},"32":{"start":{"line":49,"column":4},"end":{"line":54,"column":7}},"33":{"start":{"line":58,"column":13},"end":{"line":62,"column":2}},"34":{"start":{"line":59,"column":18},"end":{"line":59,"column":33}},"35":{"start":{"line":61,"column":2},"end":{"line":61,"column":26}},"36":{"start":{"line":64,"column":13},"end":{"line":77,"column":2}},"37":{"start":{"line":65,"column":2},"end":{"line":74,"column":null}},"38":{"start":{"line":66,"column":4},"end":{"line":71,"column":6}},"39":{"start":{"line":73,"column":4},"end":{"line":73,"column":16}},"40":{"start":{"line":76,"column":2},"end":{"line":76,"column":15}},"41":{"start":{"line":79,"column":13},"end":{"line":87,"column":2}},"42":{"start":{"line":80,"column":29},"end":{"line":80,"column":37}},"43":{"start":{"line":81,"column":16},"end":{"line":81,"column":20}},"44":{"start":{"line":82,"column":18},"end":{"line":82,"column":30}},"45":{"start":{"line":83,"column":13},"end":{"line":83,"column":29}},"46":{"start":{"line":84,"column":2},"end":{"line":84,"column":35}},"47":{"start":{"line":84,"column":28},"end":{"line":84,"column":35}},"48":{"start":{"line":85,"column":2},"end":{"line":85,"column":52}},"49":{"start":{"line":86,"column":2},"end":{"line":86,"column":21}},"50":{"start":{"line":89,"column":13},"end":{"line":97,"column":2}},"51":{"start":{"line":90,"column":29},"end":{"line":90,"column":40}},"52":{"start":{"line":91,"column":16},"end":{"line":91,"column":20}},"53":{"start":{"line":92,"column":18},"end":{"line":92,"column":33}},"54":{"start":{"line":93,"column":13},"end":{"line":93,"column":29}},"55":{"start":{"line":94,"column":2},"end":{"line":94,"column":35}},"56":{"start":{"line":94,"column":28},"end":{"line":94,"column":35}},"57":{"start":{"line":95,"column":2},"end":{"line":95,"column":52}},"58":{"start":{"line":96,"column":2},"end":{"line":96,"column":21}}},"fnMap":{"0":{"name":"(anonymous_0)","decl":{"start":{"line":9,"column":26},"end":{"line":9,"column":27}},"loc":{"start":{"line":9,"column":37},"end":{"line":14,"column":1}}},"1":{"name":"(anonymous_1)","decl":{"start":{"line":16,"column":29},"end":{"line":16,"column":null}},"loc":{"start":{"line":18,"column":17},"end":{"line":24,"column":1}}},"2":{"name":"(anonymous_2)","decl":{"start":{"line":26,"column":26},"end":{"line":26,"column":30}},"loc":{"start":{"line":36,"column":1},"end":{"line":40,"column":1}}},"3":{"name":"(anonymous_3)","decl":{"start":{"line":42,"column":42},"end":{"line":42,"column":null}},"loc":{"start":{"line":42,"column":42},"end":{"line":56,"column":1}}},"4":{"name":"(anonymous_4)","decl":{"start":{"line":44,"column":18},"end":{"line":44,"column":19}},"loc":{"start":{"line":44,"column":19},"end":{"line":55,"column":3}}},"5":{"name":"(anonymous_5)","decl":{"start":{"line":58,"column":25},"end":{"line":58,"column":26}},"loc":{"start":{"line":58,"column":36},"end":{"line":62,"column":1}}},"6":{"name":"(anonymous_6)","decl":{"start":{"line":64,"column":32},"end":{"line":64,"column":33}},"loc":{"start":{"line":64,"column":43},"end":{"line":77,"column":1}}},"7":{"name":"(anonymous_7)","decl":{"start":{"line":79,"column":31},"end":{"line":79,"column":32}},"loc":{"start":{"line":79,"column":48},"end":{"line":87,"column":1}}},"8":{"name":"(anonymous_8)","decl":{"start":{"line":89,"column":33},"end":{"line":89,"column":34}},"loc":{"start":{"line":89,"column":50},"end":{"line":97,"column":1}}}},"branchMap":{"0":{"loc":{"start":{"line":45,"column":4},"end":{"line":45,"column":37}},"type":"if","locations":[{"start":{"line":45,"column":4},"end":{"line":45,"column":37}},{"start":{"line":45,"column":4},"end":{"line":45,"column":37}}]},"1":{"loc":{"start":{"line":46,"column":4},"end":{"line":46,"column":43}},"type":"if","locations":[{"start":{"line":46,"column":4},"end":{"line":46,"column":43}},{"start":{"line":46,"column":4},"end":{"line":46,"column":43}}]},"2":{"loc":{"start":{"line":47,"column":4},"end":{"line":47,"column":36}},"type":"if","locations":[{"start":{"line":47,"column":4},"end":{"line":47,"column":36}},{"start":{"line":47,"column":4},"end":{"line":47,"column":36}}]},"3":{"loc":{"start":{"line":48,"column":4},"end":{"line":48,"column":35}},"type":"if","locations":[{"start":{"line":48,"column":4},"end":{"line":48,"column":35}},{"start":{"line":48,"column":4},"end":{"line":48,"column":35}}]},"4":{"loc":{"start":{"line":65,"column":2},"end":{"line":74,"column":null}},"type":"if","locations":[{"start":{"line":65,"column":2},"end":{"line":74,"column":null}},{"start":{"line":65,"column":2},"end":{"line":74,"column":null}}]},"5":{"loc":{"start":{"line":65,"column":6},"end":{"line":65,"column":22}},"type":"binary-expr","locations":[{"start":{"line":65,"column":6},"end":{"line":65,"column":22}},{"start":{"line":65,"column":26},"end":{"line":65,"column":39}}]},"6":{"loc":{"start":{"line":84,"column":2},"end":{"line":84,"column":35}},"type":"if","locations":[{"start":{"line":84,"column":2},"end":{"line":84,"column":35}},{"start":{"line":84,"column":2},"end":{"line":84,"column":35}}]},"7":{"loc":{"start":{"line":94,"column":2},"end":{"line":94,"column":35}},"type":"if","locations":[{"start":{"line":94,"column":2},"end":{"line":94,"column":35}},{"start":{"line":94,"column":2},"end":{"line":94,"column":35}}]}},"s":{"0":1,"1":1,"2":1,"3":1,"4":1,"5":0,"6":0,"7":0,"8":1,"9":0,"10":0,"11":0,"12":0,"13":1,"14":0,"15":0,"16":0,"17":0,"18":0,"19":0,"20":0,"21":1,"22":0,"23":0,"24":0,"25":0,"26":0,"27":0,"28":0,"29":0,"30":0,"31":0,"32":0,"33":1,"34":1,"35":1,"36":1,"37":2,"38":1,"39":1,"40":1,"41":1,"42":0,"43":0,"44":0,"45":0,"46":0,"47":0,"48":0,"49":0,"50":1,"51":0,"52":0,"53":0,"54":0,"55":0,"56":0,"57":0,"58":0},"f":{"0":0,"1":0,"2":0,"3":0,"4":0,"5":1,"6":2,"7":0,"8":0},"b":{"0":[0,0],"1":[0,0],"2":[0,0],"3":[0,0],"4":[1,1],"5":[2,1],"6":[0,0],"7":[0,0]}}
}
